Using pre-set license
Built from '2020.3/staging' branch; Version is '2020.3.11f1 (99c7afb366b3) revision 10078127'; Using compiler version '192528614'; Build Type 'Release'
OS: 'Windows 10 Pro; OS build 19041.1052; Version 2004; 64bit' Language: 'ko' Physical Memory: 16322 MB
BatchMode: 1, IsHumanControllingUs: 0, StartBugReporterOnCrash: 0, Is64bit: 1, IsPro: 0

 COMMAND LINE ARGUMENTS:
C:\Program Files\Unity\2020.3.11f1\Editor\Unity.exe
-adb2
-batchMode
-noUpm
-name
AssetImportWorker0
-projectPath
C:/Users/가희/Desktop/GithubTest/TeamP/Mermaid's_Secret
-logFile
Logs/AssetImportWorker0.log
-srvPort
63296
Successfully changed project path to: C:/Users/가희/Desktop/GithubTest/TeamP/Mermaid's_Secret
C:/Users/가희/Desktop/GithubTest/TeamP/Mermaid's_Secret
Using Asset Import Pipeline V2.
Refreshing native plugins compatible for Editor in 29.53 ms, found 2 plugins.
Preloading 0 native plugins for Editor in 0.00 ms.
Initialize engine version: 2020.3.11f1 (99c7afb366b3)
[Subsystems] Discovering subsystems at path C:/Program Files/Unity/2020.3.11f1/Editor/Data/Resources/UnitySubsystems
[Subsystems] Discovering subsystems at path C:/Users/가희/Desktop/GithubTest/TeamP/Mermaid's_Secret/Assets
GfxDevice: creating device client; threaded=0
Direct3D:
    Version:  Direct3D 11.0 [level 11.1]
    Renderer: NVIDIA GeForce RTX 2060 (ID=0x1f08)
    Vendor:   
    VRAM:     5980 MB
    Driver:   27.21.14.5671
Initialize mono
Mono path[0] = 'C:/Program Files/Unity/2020.3.11f1/Editor/Data/Managed'
Mono path[1] = 'C:/Program Files/Unity/2020.3.11f1/Editor/Data/MonoBleedingEdge/lib/mono/unityjit'
Mono config path = 'C:/Program Files/Unity/2020.3.11f1/Editor/Data/MonoBleedingEdge/etc'
Using monoOptions --debugger-agent=transport=dt_socket,embedding=1,server=y,suspend=n,address=127.0.0.1:56912
Begin MonoManager ReloadAssembly
Registering precompiled unity dll's ...
Register platform support module: C:/Program Files/Unity/2020.3.11f1/Editor/Data/PlaybackEngines/WindowsStandaloneSupport/UnityEditor.WindowsStandalone.Extensions.dll
Registered in 0.002442 seconds.
Native extension for WindowsStandalone target not found
Refreshing native plugins compatible for Editor in 26.68 ms, found 2 plugins.
Preloading 0 native plugins for Editor in 0.00 ms.
Mono: successfully reloaded assembly
- Completed reload, in  2.418 seconds
Platform modules already initialized, skipping
Registering precompiled user dll's ...
Registered in 0.005399 seconds.
Begin MonoManager ReloadAssembly
Native extension for WindowsStandalone target not found
Refreshing native plugins compatible for Editor in 0.30 ms, found 2 plugins.
Preloading 0 native plugins for Editor in 0.00 ms.
Mono: successfully reloaded assembly
- Completed reload, in  1.245 seconds
Platform modules already initialized, skipping
========================================================================
Worker process is ready to serve import requests
Launched and connected shader compiler UnityShaderCompiler.exe after 0.07 seconds
Refreshing native plugins compatible for Editor in 0.29 ms, found 2 plugins.
Preloading 0 native plugins for Editor in 0.00 ms.
Unloading 1410 Unused Serialized files (Serialized files now loaded: 0)
System memory in use before: 69.1 MB.
System memory in use after: 69.2 MB.

Unloading 18 unused Assets to reduce memory usage. Loaded Objects now: 1846.
Total: 3.702900 ms (FindLiveObjects: 0.203100 ms CreateObjectMapping: 0.052000 ms MarkObjects: 3.382900 ms  DeleteObjects: 0.063600 ms)

========================================================================
Received Import Request.
  path: Assets/New Terrain.asset
  artifactKey: Guid(ce268546c4f1bbe46903487d1b66b012) Importer(815301076,1909f56bfc062723c751e8b465ee728b)
Start importing Assets/New Terrain.asset using Guid(ce268546c4f1bbe46903487d1b66b012) Importer(815301076,1909f56bfc062723c751e8b465ee728b) The tree Bubble couldn't be instanced because the prefab contains no valid mesh renderer.

 -> (artifact id: '770ca3327f599706e1b87cf7a6a72a0c') in 0.117410 seconds
  Import took 0.120193 seconds .

========================================================================
Received Import Request.
  Time since last request: 28.903768 seconds.
  path: Assets/Memo.cs
  artifactKey: Guid(66cbdf3fede8b55408d4b56ebf90be16) Importer(815301076,1909f56bfc062723c751e8b465ee728b)
Start importing Assets/Memo.cs using Guid(66cbdf3fede8b55408d4b56ebf90be16) Importer(815301076,1909f56bfc062723c751e8b465ee728b)  -> (artifact id: '4fe599406df92f63d8738683801f409d') in 0.015626 seconds
  Import took 0.018052 seconds .

========================================================================
Received Import Request.
  Time since last request: 1.079919 seconds.
  path: Assets/Memo.cs
  artifactKey: Guid(66cbdf3fede8b55408d4b56ebf90be16) Importer(815301076,1909f56bfc062723c751e8b465ee728b)
Start importing Assets/Memo.cs using Guid(66cbdf3fede8b55408d4b56ebf90be16) Importer(815301076,1909f56bfc062723c751e8b465ee728b)  -> (artifact id: '4fe599406df92f63d8738683801f409d') in 0.003688 seconds
  Import took 0.012448 seconds .

========================================================================
Received Import Request.
  Time since last request: 76.725596 seconds.
  path: Assets/0720_1751.unity
  artifactKey: Guid(dc208d6fee5d48f4596ff2cc04c43897) Importer(815301076,1909f56bfc062723c751e8b465ee728b)
Start importing Assets/0720_1751.unity using Guid(dc208d6fee5d48f4596ff2cc04c43897) Importer(815301076,1909f56bfc062723c751e8b465ee728b)  -> (artifact id: '47819e2df91c712ac32aed44508c3707') in 0.016624 seconds
  Import took 0.021915 seconds .

========================================================================
Received Import Request.
  Time since last request: 363.840053 seconds.
  path: Assets/Scripts
  artifactKey: Guid(09fa4eb30d0af4344949bd2269ef132d) Importer(815301076,1909f56bfc062723c751e8b465ee728b)
Start importing Assets/Scripts using Guid(09fa4eb30d0af4344949bd2269ef132d) Importer(815301076,1909f56bfc062723c751e8b465ee728b)  -> (artifact id: '6d122d7e41d474693c418f228ad291a8') in 0.015709 seconds
  Import took 0.021779 seconds .

========================================================================
Received Import Request.
  Time since last request: 1.266345 seconds.
  path: Assets/Scripts/PlayeCtrl.cs
  artifactKey: Guid(01fd1ab844aa05d4a8324a4ce5102388) Importer(815301076,1909f56bfc062723c751e8b465ee728b)
Start importing Assets/Scripts/PlayeCtrl.cs using Guid(01fd1ab844aa05d4a8324a4ce5102388) Importer(815301076,1909f56bfc062723c751e8b465ee728b)  -> (artifact id: '308a9aa9424e6c21be7cdf365d351a99') in 0.007766 seconds
  Import took 0.010010 seconds .

========================================================================
Received Import Request.
  Time since last request: 0.000621 seconds.
  path: Assets/Scripts/PlayeCtrl.cs
  artifactKey: Guid(01fd1ab844aa05d4a8324a4ce5102388) Importer(815301076,1909f56bfc062723c751e8b465ee728b)
Start importing Assets/Scripts/PlayeCtrl.cs using Guid(01fd1ab844aa05d4a8324a4ce5102388) Importer(815301076,1909f56bfc062723c751e8b465ee728b)  -> (artifact id: '308a9aa9424e6c21be7cdf365d351a99') in 0.005030 seconds
  Import took 0.007469 seconds .

AssetImportWorkerClient::OnTransportError - code=2 error=End of file
